LaTeX-2019/10/01
ec
accents
achicago
algorithm
algorithm2e
amsmath
amstext
apacite
apalike
array
authordate1-4
babel
beamerposter
biblatex
bibtopic
bicaption
bidi
bm
booktabs
braille
breakurl
CJKutf8
calc
cancel
chapterbib
chemgreek
chicago
color
covington
csquotes
endnotes
enumitem
environ
esint
eso-pic
fancybox
fancyhdr
filehook
fixltx2e
fix-cm
float
fontspec
footmisc
footnote
footnotehyper
forest
framed
geometry
graphicx
harvard
hhline
hyperref
hyphenat
iftex
ifthen
jurabib
lettrine
listings
lithuanian
longtable
lscape
luainputenc
mathdots
mathrsfs
mathtools
mhchem
mslapa
multirow
natbib
nicefrac
nomencl
paralist
pdfcolmk
pdflscape
polyglossia
pdfcomment
pdfpages
pgf
prettyref
preview
refstyle
rotating
rotfloat
sectionbox
setspace
slashed
soul
splitidx
stackrel
stmaryrd
subfig
subscript
tablefootnote
tcolorbox
textcomp
turkmen
ulem
unicode-math
units
url
varioref
varwidth
wallpaper
wrapfig
xargs
xcolor
xetex-def
xkeyval
arydshln
braket
cancel
caption
colortbl
diagbox
etoolbox
eurosym
fp
makecmds
marginnote
picinpar
pict2e
sidecap
upgreek
psnfss
avant
bookman
chancery
charter
cochineal
courier
crimson
helvet
mathpazo
mathpple
mathptm
mathptmx
newcent
pifont
utopia
ae
bera
biolinum
ccfonts
concrete
ecc
concmath
cmbright
eco
eulervm
feyn
fourier
iwona
kurier
fontaxes
libertine
libertineMono
libertineRoman
lmodern
mathdesign
mdbch
mdput
mdugm
menukeys
newtxmath
noto
binhex
symbol
tgadventor
tgbonum
tgchorus
tgcursor
tgheros
tgpagella
tgschola
tgtermes
tipa
tipx
tone
txfonts
ascii
bbding
ifsym
marvosym
pmboxdraw
textgreek
tfrupee
wasy
wasysym
fixme
hpstatement
shapepar
todonotes
algorithm2e
tcolorbox
environ
etoolbox
pgf
datetime
fmtcount
bicaption
covington
enumitem
forest
sectionbox
multicol
paralist
braille
endnotes
endnotes
changebar
natbib
apacite
fancyhdr
enumitem
fancyvrb
rsphrase
natbib
biblatex
jurabib
biblatex
